<?xml version="1.0" encoding="UTF-8"?>
<robot generator="Robot 4.0.3 (Python 3.9.4 on win32)" generated="20221213 00:27:22.937" rpa="false" schemaversion="2">
<suite id="s1" name="Assignment" source="E:\VikashWork\Practice\assignment">
<suite id="s1-s1" name="Set2 Task2" source="E:\VikashWork\Practice\assignment\set2_task2.robot">
<test id="s1-s1-t1" name="TC1">
<kw name="Open Browser" library="SeleniumLibrary">
<arg>browser=chrome</arg>
<arg>url=https://www.goto.com/meeting</arg>
<doc>Opens a new browser instance to the optional ``url``.</doc>
<msg timestamp="20221213 00:27:23.527" level="INFO">Opening browser 'chrome' to base url 'https://www.goto.com/meeting'.</msg>
<status status="PASS" starttime="20221213 00:27:23.526" endtime="20221213 00:27:36.700"/>
</kw>
<kw name="Maximize Browser Window" library="SeleniumLibrary">
<doc>Maximizes current browser window.</doc>
<status status="PASS" starttime="20221213 00:27:36.704" endtime="20221213 00:27:37.313"/>
</kw>
<status status="PASS" starttime="20221213 00:27:23.520" endtime="20221213 00:27:37.336"/>
</test>
<test id="s1-s1-t2" name="TC2">
<kw name="Set Selenium Implicit Wait" library="SeleniumLibrary">
<arg>20s</arg>
<doc>Sets the implicit wait value used by Selenium.</doc>
<status status="PASS" starttime="20221213 00:27:37.362" endtime="20221213 00:27:37.373"/>
</kw>
<kw name="Click Element" library="SeleniumLibrary">
<arg>//button[@id="truste-consent-button"]</arg>
<doc>Click the element identified by ``locator``.</doc>
<msg timestamp="20221213 00:27:37.378" level="INFO">Clicking element '//button[@id="truste-consent-button"]'.</msg>
<status status="PASS" starttime="20221213 00:27:37.376" endtime="20221213 00:27:39.766"/>
</kw>
<kw name="Click Element" library="SeleniumLibrary">
<arg>//a[text()='Try Free']</arg>
<doc>Click the element identified by ``locator``.</doc>
<msg timestamp="20221213 00:27:39.771" level="INFO">Clicking element '//a[text()='Try Free']'.</msg>
<msg timestamp="20221213 00:27:41.656" level="INFO" html="true">&lt;/td&gt;&lt;/tr&gt;&lt;tr&gt;&lt;td colspan="3"&gt;&lt;a href="selenium-screenshot-8.png"&gt;&lt;img src="selenium-screenshot-8.png" width="800px"&gt;&lt;/a&gt;</msg>
<msg timestamp="20221213 00:27:41.705" level="FAIL">ElementClickInterceptedException: Message: element click intercepted: Element is not clickable at point (211, 644)
  (Session info: chrome=108.0.5359.99)
Stacktrace:
Backtrace:
	(No symbol) [0x002AF243]
	(No symbol) [0x00237FD1]
	(No symbol) [0x0012D04D]
	(No symbol) [0x001628B9]
	(No symbol) [0x001608CC]
	(No symbol) [0x0015E4CB]
	(No symbol) [0x0015D164]
	(No symbol) [0x001532A6]
	(No symbol) [0x0017858C]
	(No symbol) [0x00152BFF]
	(No symbol) [0x00178804]
	(No symbol) [0x0018C9EB]
	(No symbol) [0x00178386]
	(No symbol) [0x0015163C]
	(No symbol) [0x0015269D]
	GetHandleVerifier [0x00549A22+2655074]
	GetHandleVerifier [0x0053CA24+2601828]
	GetHandleVerifier [0x00358C0A+619850]
	GetHandleVerifier [0x00357830+614768]
	(No symbol) [0x002405FC]
	(No symbol) [0x00245968]
	(No symbol) [0x00245A55]
	(No symbol) [0x0025051B]
	BaseThreadInitThunk [0x77016359+25]
	RtlGetAppContainerNamedObjectPath [0x77418944+228]
	RtlGetAppContainerNamedObjectPath [0x77418914+180]
	(No symbol) [0x00000000]
</msg>
<status status="FAIL" starttime="20221213 00:27:39.769" endtime="20221213 00:27:41.706"/>
</kw>
<kw name="Input Text" library="SeleniumLibrary">
<arg>id:first-name</arg>
<arg>Jhon</arg>
<doc>Types the given ``text`` into the text field identified by ``locator``.</doc>
<status status="NOT RUN" starttime="20221213 00:27:41.706" endtime="20221213 00:27:41.714"/>
</kw>
<kw name="Sleep" library="BuiltIn">
<arg>20s</arg>
<doc>Pauses the test executed for the given time.</doc>
<status status="NOT RUN" starttime="20221213 00:27:41.721" endtime="20221213 00:27:41.724"/>
</kw>
<status status="FAIL" starttime="20221213 00:27:37.359" endtime="20221213 00:27:41.724">ElementClickInterceptedException: Message: element click intercepted: Element is not clickable at point (211, 644)
  (Session info: chrome=108.0.5359.99)
Stacktrace:
Backtrace:
	(No symbol) [0x002AF243]
	(No symbol) [0x00237FD1]
	(No symbol) [0x0012D04D]
	(No symbol) [0x001628B9]
	(No symbol) [0x001608CC]
	(No symbol) [0x0015E4CB]
	(No symbol) [0x0015D164]
	(No symbol) [0x001532A6]
	(No symbol) [0x0017858C]
	(No symbol) [0x00152BFF]
	(No symbol) [0x00178804]
	(No symbol) [0x0018C9EB]
	(No symbol) [0x00178386]
	(No symbol) [0x0015163C]
	(No symbol) [0x0015269D]
	GetHandleVerifier [0x00549A22+2655074]
	GetHandleVerifier [0x0053CA24+2601828]
	GetHandleVerifier [0x00358C0A+619850]
	GetHandleVerifier [0x00357830+614768]
	(No symbol) [0x002405FC]
	(No symbol) [0x00245968]
	(No symbol) [0x00245A55]
	(No symbol) [0x0025051B]
	BaseThreadInitThunk [0x77016359+25]
	RtlGetAppContainerNamedObjectPath [0x77418944+228]
	RtlGetAppContainerNamedObjectPath [0x77418914+180]
	(No symbol) [0x00000000]
</status>
</test>
<status status="FAIL" starttime="20221213 00:27:23.072" endtime="20221213 00:27:41.776"/>
</suite>
<status status="FAIL" starttime="20221213 00:27:22.961" endtime="20221213 00:27:41.808"/>
</suite>
<statistics>
<total>
<stat pass="1" fail="1" skip="0">All Tests</stat>
</total>
<tag>
</tag>
<suite>
<stat pass="1" fail="1" skip="0" id="s1" name="Assignment">Assignment</stat>
<stat pass="1" fail="1" skip="0" id="s1-s1" name="Set2 Task2">Assignment.Set2 Task2</stat>
</suite>
</statistics>
<errors>
</errors>
</robot>
